2018-11-28 09:50 Outputted donors
ENCDO000AAK
ENCDO000AAW
ENCDO336AAA
ENCDO222AAA
ENCDO349AAA
ENCDO355AAA
ENCDO000AAE
ENCDO793LXB
ENCDO027VXA
ENCDO924HBJ
ENCDO000ABD
ENCDO000ABE
ENCDO697GBW
ENCDO271OUW
ENCDO732PDS
ENCDO000AAC
ENCDO350AAA
ENCDO647UHQ
ENCDO133EXU
2018-11-28 09:50 Outputted biosamples
ENCBS789UPK
ENCBS967MVZ
ENCBS018GXW
ENCBS127ZRH
ENCBS494OPB
ENCBS757GPD
ENCBS899DSB
ENCBS729LWO
ENCBS777VZC
ENCBS945KYE
ENCBS170DPY
ENCBS289AAB
ENCBS018TPT
ENCBS952IPA
ENCBS044KWE
ENCBS830FPU
ENCBS849HZG
ENCBS385OLC
ENCBS368AAA
ENCBS373AAA
ENCBS177ANS
ENCBS615MBV
ENCBS397COL
ENCBS080PZG
ENCBS987JQH
ENCBS847SOB
ENCBS364BFI
ENCBS011BYX
ENCBS380OBH
ENCBS467HWM
ENCBS011NFB
ENCBS900QPF
ENCBS330WEW
ENCBS295NFS
ENCBS451OVM
ENCBS987CHP
ENCBS851PYB
ENCBS241TLI
ENCBS708EFA
ENCBS205VYW
ENCBS806KLM
ENCBS760QKF
ENCBS500EWH
ENCBS343AKO
ENCBS423EPK
ENCBS596CTT
ENCBS981ZAE
ENCBS368SNX
ENCBS018DDZ
ENCBS324TZB
ENCBS284CPV
ENCBS682HMC
2018-11-28 09:50 Outputted experiments
ENCSR264HOB
ENCSR508LMH
ENCSR814KIO
ENCSR569IIN
ENCSR968GYD
ENCSR149EOW
ENCSR196CXJ
ENCSR867SJE
ENCSR011GWK
ENCSR617RSQ
ENCSR648HLP
ENCSR933EYC
ENCSR509SEX
ENCSR894QWM
ENCSR768JED
ENCSR768LHG
ENCSR328AHC
ENCSR361GKY
ENCSR702GMW
ENCSR771SNW
ENCSR542YRH
ENCSR850KIP
ENCSR429CLV
ENCSR584ATA
ENCSR773IYZ
ENCSR793USK
ENCSR000AMI
ENCSR045YHA
ENCSR603SVD
ENCSR720GSE
ENCSR046HGP
ENCSR069DPL
ENCSR713SXF
ENCSR072EUE
ENCSR142REC
ENCSR185OHN
ENCSR198WIH
ENCSR987GXT
ENCSR091BOQ
ENCSR218QFN
ENCSR055XHN
ENCSR611JJS
ENCSR125NBL
ENCSR464DKE
ENCSR560BUE
ENCSR240PRQ
ENCSR541AMF
ENCSR359LOD
ENCSR430YRJ
ENCSR756ZKG
2018-11-29 08:59 Outputted donors
ENCDO000AAK
ENCDO349AAA
ENCDO355AAA
ENCDO000AAW
ENCDO000ABD
ENCDO000ABE
ENCDO336AAA
ENCDO222AAA
ENCDO000AAE
ENCDO732PDS
ENCDO793LXB
ENCDO271OUW
ENCDO000AAC
ENCDO350AAA
ENCDO697GBW
ENCDO027VXA
ENCDO133EXU
ENCDO647UHQ
ENCDO924HBJ
2018-11-29 08:59 Outputted biosamples
ENCBS789UPK
ENCBS967MVZ
ENCBS018GXW
ENCBS127ZRH
ENCBS494OPB
ENCBS757GPD
ENCBS899DSB
ENCBS729LWO
ENCBS777VZC
ENCBS945KYE
ENCBS170DPY
ENCBS289AAB
ENCBS018TPT
ENCBS952IPA
ENCBS044KWE
ENCBS830FPU
ENCBS849HZG
ENCBS385OLC
ENCBS368AAA
ENCBS373AAA
ENCBS177ANS
ENCBS615MBV
ENCBS397COL
ENCBS080PZG
ENCBS987JQH
ENCBS847SOB
ENCBS364BFI
ENCBS011BYX
ENCBS380OBH
ENCBS467HWM
ENCBS011NFB
ENCBS900QPF
ENCBS330WEW
ENCBS295NFS
ENCBS451OVM
ENCBS987CHP
ENCBS851PYB
ENCBS241TLI
ENCBS708EFA
ENCBS205VYW
ENCBS806KLM
ENCBS760QKF
ENCBS500EWH
ENCBS343AKO
ENCBS423EPK
ENCBS596CTT
ENCBS981ZAE
ENCBS368SNX
ENCBS018DDZ
ENCBS324TZB
ENCBS284CPV
ENCBS682HMC
2018-11-29 08:59 Outputted experiments
ENCSR264HOB
ENCSR768JED
ENCSR508LMH
ENCSR850KIP
ENCSR814KIO
ENCSR968GYD
ENCSR149EOW
ENCSR617RSQ
ENCSR933EYC
ENCSR011GWK
ENCSR196CXJ
ENCSR509SEX
ENCSR894QWM
ENCSR867SJE
ENCSR702GMW
ENCSR771SNW
ENCSR361GKY
ENCSR648HLP
ENCSR569IIN
ENCSR046HGP
ENCSR773IYZ
ENCSR328AHC
ENCSR768LHG
ENCSR793USK
ENCSR584ATA
ENCSR603SVD
ENCSR542YRH
ENCSR055XHN
ENCSR000AMI
ENCSR045YHA
ENCSR541AMF
ENCSR430YRJ
ENCSR185OHN
ENCSR198WIH
ENCSR359LOD
ENCSR756ZKG
ENCSR987GXT
ENCSR069DPL
ENCSR429CLV
ENCSR720GSE
ENCSR091BOQ
ENCSR218QFN
ENCSR125NBL
ENCSR072EUE
ENCSR713SXF
ENCSR142REC
ENCSR611JJS
ENCSR464DKE
ENCSR560BUE
ENCSR240PRQ
2019-02-22 13:45 Outputted donors
ENCDO000ABD
ENCDO336AAA
ENCDO000ACN
ENCDO000AAZ
ENCDO000AAB
ENCDO000AAD
ENCDO000AAC
ENCDO351AAA
ENCDO000AAL
ENCDO000AAK
ENCDO000ACA
ENCDO000AAW
ENCDO000ACL
ENCDO000ABB
ENCDO000ACM
ENCDO000AAE
ENCDO000ABF
ENCDO000AAY
ENCDO000ACX
ENCDO793LXB
ENCDO271OUW
ENCDO882MMZ
ENCDO000ADM
ENCDO845WKR
ENCDO451RUA
ENCDO817CJN
ENCDO726XUY
ENCDO597QMR
ENCDO842XEO
ENCDO802YGT
ENCDO852AAX
ENCDO303OIJ
ENCDO958QPN
ENCDO912VZC
ENCDO917IRX
ENCDO867DLP
ENCDO298ZCC
ENCDO059AAA
ENCDO222AAA
ENCDO462KAI
ENCDO060AAA
2019-02-22 13:51 Outputted donors
ENCDO000ABD
ENCDO336AAA
ENCDO000ACN
ENCDO000AAZ
ENCDO000AAB
ENCDO000AAD
ENCDO000AAC
ENCDO351AAA
ENCDO000AAL
ENCDO000AAK
ENCDO000ACA
ENCDO000AAW
ENCDO000ACL
ENCDO000ABB
ENCDO000ACM
ENCDO000AAE
ENCDO000ABF
ENCDO000AAY
ENCDO000ACX
ENCDO793LXB
ENCDO271OUW
ENCDO882MMZ
ENCDO000ADM
ENCDO845WKR
ENCDO451RUA
ENCDO817CJN
ENCDO726XUY
ENCDO597QMR
ENCDO842XEO
ENCDO802YGT
ENCDO852AAX
ENCDO303OIJ
ENCDO958QPN
ENCDO912VZC
ENCDO917IRX
ENCDO867DLP
ENCDO298ZCC
ENCDO059AAA
ENCDO222AAA
ENCDO462KAI
ENCDO060AAA
2019-02-22 13:51 Outputted biosamples
ENCBS373AAA
ENCBS522AAA
ENCBS500AAA
ENCBS048GNZ
ENCBS594YOH
ENCBS978YKP
ENCBS603CUX
ENCBS576ESJ
ENCBS839CNN
ENCBS848SUF
ENCBS764AUT
ENCBS102WSN
ENCBS489ZOH
ENCBS332FBI
ENCBS803QIM
ENCBS061YYT
ENCBS352MRW
ENCBS562NAQ
ENCBS354TLK
ENCBS061SJE
ENCBS339VHO
ENCBS187ZIN
ENCBS034XKZ
ENCBS168ISE
ENCBS118YJZ
ENCBS488MMM
ENCBS157PJQ
ENCBS204MYN
ENCBS488GLI
ENCBS401URL
ENCBS609QTY
ENCBS045RNA
ENCBS727RLP
ENCBS163EMU
ENCBS994WPS
ENCBS519VWT
ENCBS389LEA
ENCBS344LIE
ENCBS787RAZ
ENCBS783WYV
ENCBS734NZL
ENCBS260WJQ
ENCBS531RMF
ENCBS980OYK
ENCBS398HUM
ENCBS345ZJP
ENCBS721MSZ
ENCBS502AAA
ENCBS485OKN
ENCBS046RNA
ENCBS523AAA
ENCBS501AAA
ENCBS567EMZ
ENCBS368AAA
ENCBS207UAM
ENCBS448KAT
ENCBS743RUU
ENCBS685XZU
ENCBS407GFZ
ENCBS698HPL
ENCBS574QEF
ENCBS831ATS
ENCBS860BPC
ENCBS156YIS
ENCBS441VHN
ENCBS455WWI
ENCBS993XPI
ENCBS185MQS
ENCBS566CFZ
ENCBS848BRU
ENCBS127GWZ
ENCBS108KJU
ENCBS560YKU
ENCBS496HCC
ENCBS919KGG
ENCBS822YKL
ENCBS085GSG
ENCBS424FEP
ENCBS502UVH
ENCBS263DSS
ENCBS899TTJ
ENCBS338PQB
ENCBS513JGI
ENCBS465MWC
ENCBS485SYX
ENCBS443VUU
ENCBS386FEG
ENCBS728DKU
ENCBS719UQU
ENCBS813EMP
ENCBS586QTL
ENCBS106FXL
ENCBS413AAA
ENCBS369AAA
ENCBS445FYN
ENCBS108UKE
ENCBS209WHZ
ENCBS833ISA
ENCBS268UXF
ENCBS617TOY
ENCBS928QPS
ENCBS051SQN
ENCBS506ANY
ENCBS916GJM
ENCBS445DZU
ENCBS185KXL
ENCBS360OMS
ENCBS220KXD
ENCBS940TDV
ENCBS671SMQ
ENCBS697XFI
ENCBS214RWK
ENCBS174GHJ
ENCBS185KVE
ENCBS773JGQ
ENCBS119VMU
ENCBS461XSF
ENCBS301LXH
ENCBS125ACM
ENCBS726XJU
ENCBS935HHK
ENCBS780AML
ENCBS554LPK
ENCBS292OQL
ENCBS347KXG
ENCBS168UHK
ENCBS760NLE
ENCBS594JOC
ENCBS705BBA
ENCBS600IGI
ENCBS647IEQ
ENCBS199XIN
ENCBS327TGR
ENCBS392DZH
ENCBS794TQR
ENCBS862BYE
ENCBS765ASV
ENCBS022YEG
ENCBS066DAE
ENCBS002CZJ
ENCBS853LLX
ENCBS240KAH
ENCBS072VYP
ENCBS716EYG
ENCBS720KJI
ENCBS588FXB
ENCBS471QWL
ENCBS090NNK
ENCBS663CSI
ENCBS526FZT
ENCBS631TEJ
ENCBS880LFZ
ENCBS538MFJ
ENCBS134NXZ
ENCBS705AVG
ENCBS650AIV
ENCBS546FZO
ENCBS296ZGL
ENCBS238NFD
ENCBS007RAH
ENCBS624ZVR
ENCBS942OEI
ENCBS875TML
ENCBS582KTC
ENCBS808LHN
ENCBS657HMS
ENCBS312USZ
ENCBS077VSE
ENCBS266UUE
ENCBS062ZDL
ENCBS859PLO
ENCBS300DCZ
ENCBS387WHS
ENCBS082ZRX
ENCBS361VFY
ENCBS499YBA
ENCBS538DYC
ENCBS357NWO
ENCBS999ADL
ENCBS440KYC
ENCBS195REE
ENCBS413NDY
ENCBS455MJB
ENCBS848VTV
ENCBS387VPF
ENCBS596DHR
ENCBS919NDB
ENCBS691ZPO
ENCBS935HPR
ENCBS111GOI
ENCBS632URD
ENCBS314FVS
ENCBS806WZK
ENCBS884IXW
ENCBS904ONI
ENCBS992BBW
ENCBS184CGJ
ENCBS970FPD
ENCBS906EWV
ENCBS979JZP
ENCBS226JGR
ENCBS957OEW
ENCBS842XAE
ENCBS035MGE
ENCBS383ZZQ
ENCBS245QRF
ENCBS731HKD
ENCBS369BBR
ENCBS753CQR
ENCBS602SJL
ENCBS664NTU
ENCBS078KRE
ENCBS053PTB
ENCBS057FSI
ENCBS298PAM
ENCBS180XYE
ENCBS307JGV
ENCBS764NNP
ENCBS772EGW
ENCBS035QUK
ENCBS293ZWZ
ENCBS955MMY
ENCBS987XDS
ENCBS721IWW
ENCBS615XLU
ENCBS443IYN
ENCBS297MMH
ENCBS606GXJ
ENCBS521IJY
ENCBS407ZGM
ENCBS299SHJ
ENCBS590CPG
ENCBS585MHZ
ENCBS585KIN
ENCBS248PAQ
ENCBS333JNJ
ENCBS732UVO
ENCBS265MKB
ENCBS340PRE
ENCBS346IIC
ENCBS956LPK
ENCBS790JVO
ENCBS306IPB
ENCBS156LDX
ENCBS266KBJ
ENCBS989PGE
ENCBS044KRF
ENCBS117IRE
ENCBS491SXW
ENCBS482XWK
ENCBS439KOM
ENCBS534TJM
ENCBS304FRD
ENCBS421TQI
ENCBS980NLV
ENCBS869UHI
ENCBS540LEG
ENCBS680SKC
ENCBS647GSD
ENCBS759GEB
ENCBS428QGT
ENCBS631OMB
ENCBS934LFJ
ENCBS973QZJ
ENCBS385MHR
ENCBS886KXL
ENCBS557XQF
ENCBS624VUQ
ENCBS290EEM
ENCBS173VHR
ENCBS902LKX
ENCBS373AAA
ENCBS500AAA
ENCBS048GNZ
ENCBS740EJN
ENCBS077RUJ
ENCBS891HAO
ENCBS504VHS
ENCBS603CUX
ENCBS839CNN
ENCBS848SUF
ENCBS489ZOH
ENCBS332FBI
ENCBS577WSP
ENCBS352MRW
ENCBS339VHO
ENCBS225ERF
ENCBS187ZIN
ENCBS034XKZ
ENCBS118YJZ
ENCBS947NBH
ENCBS577XCP
ENCBS204MYN
ENCBS488GLI
ENCBS041WYJ
ENCBS351GWD
ENCBS401URL
ENCBS264OGO
ENCBS499AAA
ENCBS045RNA
ENCBS727RLP
ENCBS163EMU
ENCBS295PFW
ENCBS611JSC
ENCBS994WPS
ENCBS519VWT
ENCBS381AAA
ENCBS367AAA
ENCBS344LIE
ENCBS783WYV
ENCBS734NZL
ENCBS980OYK
ENCBS345ZJP
ENCBS802GDX
ENCBS502AAA
ENCBS485OKN
ENCBS046RNA
ENCBS932XMW
ENCBS523AAA
ENCBS501AAA
ENCBS506IZD
ENCBS207UAM
ENCBS159AAA
ENCBS743RUU
ENCBS949DFI
ENCBS520YFX
ENCBS868OVR
ENCBS520IYS
ENCBS143XXF
ENCBS831ATS
ENCBS301VUL
ENCBS185MQS
ENCBS673RQY
ENCBS279WWG
ENCBS730PIW
ENCBS901WLZ
ENCBS134OKV
ENCBS559LFG
ENCBS430GZL
ENCBS587HNL
ENCBS270GPL
ENCBS934PNP
ENCBS626KTH
ENCBS342LZY
ENCBS151UTN
ENCBS493JKJ
ENCBS489PAM
ENCBS977GEB
ENCBS938ECK
ENCBS492CVI
ENCBS269DNN
ENCBS789DXD
ENCBS338PQB
ENCBS513JGI
ENCBS137COY
ENCBS761TKS
ENCBS019EUF
ENCBS124RUW
ENCBS946UFP
ENCBS502YUG
ENCBS486LUF
ENCBS313ZXJ
ENCBS628LPZ
ENCBS133PQL
ENCBS512ZCG
ENCBS044UVO
ENCBS369AAA
ENCBS221RMF
ENCBS377TON
ENCBS355HGB
ENCBS132SWD
ENCBS189ORA
ENCBS688IIQ
ENCBS320BUL
ENCBS288EEL
ENCBS074NWH
ENCBS259LHA
ENCBS304WSL
ENCBS950NCX
ENCBS992RNI
ENCBS610GCE
ENCBS033LKY
ENCBS961PAE
ENCBS336GTC
ENCBS164NKY
ENCBS374CJP
ENCBS737NBR
ENCBS270AGK
ENCBS814DBT
ENCBS055JWH
ENCBS405DQO
ENCBS520VFV
ENCBS564GDD
ENCBS597EDW
ENCBS990KNH
ENCBS410KPZ
ENCBS252TPF
ENCBS016LVE
ENCBS185KVE
ENCBS451YUK
ENCBS560TQP
ENCBS777STD
ENCBS468SAY
ENCBS125ACM
ENCBS533QWA
ENCBS140ZVH
ENCBS176URZ
ENCBS848JRJ
ENCBS767XTZ
ENCBS168UHK
ENCBS760NLE
ENCBS594JOC
ENCBS180EYO
ENCBS307TAZ
ENCBS440LRV
ENCBS603QVT
ENCBS118LXR
ENCBS465JTM
ENCBS578CCZ
ENCBS739QPP
ENCBS308QKF
ENCBS901YQB
ENCBS002CZJ
ENCBS256BDN
ENCBS623YOK
ENCBS287NAE
ENCBS196RVD
ENCBS328CYG
ENCBS471QWL
ENCBS419JRM
ENCBS989PIL
ENCBS314FVF
ENCBS017NWO
ENCBS230HRE
ENCBS215WEN
ENCBS538MFJ
ENCBS698MLA
ENCBS395YSI
ENCBS020BQK
ENCBS797AKK
ENCBS977WJN
ENCBS693JYR
ENCBS929SKV
ENCBS020ZWR
ENCBS309HUP
ENCBS823CTS
ENCBS440JWN
ENCBS440VLN
ENCBS942OEI
ENCBS127EMJ
ENCBS657HMS
ENCBS062JSC
ENCBS667BFL
ENCBS769XMO
ENCBS862HGJ
ENCBS243YQD
ENCBS529CYT
ENCBS537JPD
ENCBS666OHK
ENCBS149UZN
ENCBS376XFA
ENCBS799OOB
ENCBS796LYI
ENCBS357NWO
ENCBS645HAM
ENCBS078EEO
ENCBS311JPS
ENCBS845HJR
ENCBS846JUN
ENCBS607NAA
ENCBS778AGF
ENCBS596DHR
ENCBS764XDY
ENCBS261ARZ
ENCBS806WZK
ENCBS348BZR
ENCBS517DMY
ENCBS621PAH
ENCBS090OPS
ENCBS104LEJ
ENCBS803ZJJ
ENCBS101NPD
ENCBS746EOD
ENCBS820CNC
ENCBS369BBR
ENCBS018LQY
ENCBS142WXB
ENCBS078KRE
ENCBS289YRD
ENCBS057FSI
ENCBS748DLA
ENCBS298PAM
ENCBS497ZHB
ENCBS278HPW
ENCBS773GMP
ENCBS971VGF
ENCBS886OYR
ENCBS445QFM
ENCBS915PIR
ENCBS145CLO
ENCBS739EAW
ENCBS486TOY
ENCBS615XLU
ENCBS443IYN
ENCBS687TQL
ENCBS127EPL
ENCBS182NFY
ENCBS248PAQ
ENCBS054LTE
ENCBS913QYS
ENCBS034NFF
ENCBS142CAC
ENCBS337WJM
ENCBS998IDD
ENCBS495GAT
ENCBS162TUX
ENCBS089VLX
ENCBS974OAE
ENCBS766SME
ENCBS536QZY
ENCBS236UKC
ENCBS503WXT
ENCBS895MZN
ENCBS621MSH
ENCBS095OTG
ENCBS224IXA
ENCBS082THU
ENCBS345HRP
ENCBS955OSA
ENCBS366UYB
ENCBS866QHV
ENCBS062HQW
ENCBS165FFQ
ENCBS885UHF
ENCBS278BMZ
ENCBS126ZAB
ENCBS322FON
ENCBS009ZPZ
ENCBS043EZB
ENCBS173VHR
ENCBS902LKX
ENCBS430QMH
ENCBS705RPQ
ENCBS662XOH
ENCBS163EMU
ENCBS045RNA
ENCBS783WYV
ENCBS734NZL
ENCBS787RAZ
ENCBS978YKP
ENCBS158RRU
ENCBS543YEP
ENCBS680FYH
ENCBS389PVA
ENCBS068NKE
ENCBS773JGQ
ENCBS339VHO
ENCBS576ESJ
ENCBS764AUT
ENCBS936ASP
ENCBS502HSC
ENCBS369AAA
ENCBS034XKZ
ENCBS837GDT
ENCBS560TQP
ENCBS777STD
ENCBS352MRW
ENCBS806WZK
ENCBS159AAA
ENCBS611JSC
ENCBS594YOH
ENCBS352IHZ
ENCBS953HJY
ENCBS839CNN
ENCBS232KKV
ENCBS503YOP
ENCBS276RPG
ENCBS048GNZ
ENCBS402FLP
ENCBS762WHJ
ENCBS490AAA
ENCBS002MOV
ENCBS602AAA
ENCBS008MGO
ENCBS312USZ
ENCBS159HRH
ENCBS843HZD
ENCBS506IZD
ENCBS796LYI
ENCBS386AVE
ENCBS437FOW
ENCBS568ALT
ENCBS778AGF
ENCBS725SHQ
ENCBS106FXL
ENCBS440KYC
ENCBS644JJL
ENCBS216AOQ
ENCBS582KTC
ENCBS736DGC
ENCBS301LXH
ENCBS935HPR
ENCBS584YDT
ENCBS882KSU
ENCBS503KIX
ENCBS663CSI
ENCBS716MXK
ENCBS387JTD
ENCBS689WZM
ENCBS851CQU
ENCBS980OYK
ENCBS519RHO
ENCBS721MSZ
ENCBS608LIF
ENCBS471QWL
ENCBS532TUO
ENCBS667BFL
ENCBS942OEI
ENCBS372AAA
ENCBS523AAA
ENCBS440VLN
ENCBS513JGI
ENCBS398HUM
ENCBS852FQX
ENCBS727RLP
ENCBS684JMW
ENCBS410KPZ
ENCBS220KXD
ENCBS963BLD
ENCBS204MYN
ENCBS046RNA
ENCBS512GBG
ENCBS368AAA
ENCBS078KRE
ENCBS567EJP
ENCBS057BBL
ENCBS076HTW
ENCBS347KXG
ENCBS716YFX
ENCBS207UAM
ENCBS347VOS
ENCBS185KVE
ENCBS002CZJ
ENCBS965YSG
ENCBS577XCP
ENCBS295PFW
ENCBS697UNO
ENCBS848SUF
ENCBS603CUX
ENCBS012JNE
ENCBS271FCJ
ENCBS720KJI
ENCBS436WCF
ENCBS918KOX
ENCBS658SHA
ENCBS868OVR
ENCBS970RDW
ENCBS118YJZ
ENCBS017NWO
ENCBS728DKU
ENCBS357NWO
ENCBS728HGG
ENCBS401URL
ENCBS389LEA
ENCBS894HWQ
ENCBS698MLA
ENCBS057FSI
ENCBS577WSP
ENCBS555DBM
ENCBS381IRK
ENCBS764NNP
ENCBS298PAM
ENCBS369BBR
ENCBS017OLD
ENCBS050OIR
ENCBS670WOE
ENCBS221WVG
ENCBS858KUM
ENCBS673YEZ
ENCBS898GYH
ENCBS248RXV
ENCBS016PHF
ENCBS373AAA
ENCBS659QAK
ENCBS123ZGI
ENCBS373QTO
ENCBS519XFO
ENCBS287NAE
ENCBS418CDR
ENCBS173TWR
ENCBS108OCK
ENCBS799OOB
ENCBS879WOL
ENCBS840OGS
ENCBS921SNO
ENCBS443VUU
ENCBS584HTL
ENCBS972HZK
ENCBS538MFJ
ENCBS090NNK
ENCBS058NGX
ENCBS463LLB
ENCBS577EBP
ENCBS780PCJ
ENCBS119VMU
ENCBS861OYO
ENCBS226JGR
ENCBS540KJO
ENCBS768DUW
ENCBS454VNJ
ENCBS366EQO
ENCBS247KOX
ENCBS243YQD
ENCBS349GQD
ENCBS043RHY
ENCBS992BBW
ENCBS488GLI
ENCBS421UOG
ENCBS966LBR
ENCBS401QNO
ENCBS596DHR
ENCBS441VHN
ENCBS263DSS
ENCBS721QHV
ENCBS664VZE
ENCBS897JUR
ENCBS128PEJ
ENCBS274TTW
ENCBS035MGE
ENCBS147ZNT
ENCBS423UYJ
ENCBS605KKW
ENCBS004VDW
ENCBS279DUW
ENCBS095UXJ
ENCBS364OFM
ENCBS849SWQ
ENCBS607NAA
ENCBS588FXB
ENCBS913QYS
ENCBS649ULL
ENCBS766MZP
ENCBS715MMR
ENCBS227IDP
ENCBS327AYJ
ENCBS501JRU
ENCBS431KBQ
ENCBS818PXJ
ENCBS377TON
ENCBS668HTS
ENCBS867IQP
ENCBS649JIJ
ENCBS215OFX
ENCBS536HDZ
ENCBS974ABS
ENCBS822YKL
ENCBS354PZC
ENCBS906UGR
ENCBS345SBC
ENCBS742SWZ
ENCBS707SFV
ENCBS864JNT
ENCBS387VPF
ENCBS882KQI
ENCBS256BDN
ENCBS847LZX
ENCBS699THW
ENCBS410BMR
ENCBS999WLB
ENCBS690YNV
ENCBS328OGH
ENCBS806MDQ
ENCBS350UGC
ENCBS792QPO
ENCBS089VLX
ENCBS173VHR
ENCBS746FKV
ENCBS024WND
2019-02-22 13:51 Outputted experiments
ENCSR000FDF
ENCSR782XOF
ENCSR000FDE
ENCSR959RNH
ENCSR752QCX
ENCSR000FDG
ENCSR981FNA
ENCSR527RXH
ENCSR820EGA
ENCSR071JWS
ENCSR033GUP
ENCSR823TEV
ENCSR000FDB
ENCSR952NXC
ENCSR332ZHA
ENCSR025JPD
ENCSR761FUE
ENCSR351IPU
ENCSR403DTW
ENCSR933UZH
ENCSR361AYD
ENCSR778FXH
ENCSR381DCY
ENCSR600ACR
ENCSR733TFF
ENCSR171KMM
ENCSR469EFL
ENCSR386KHY
ENCSR688UTN
ENCSR810RIC
ENCSR669GJD
ENCSR674VXR
ENCSR145HNT
ENCSR299HUJ
ENCSR803SIO
ENCSR404HWQ
ENCSR991JXX
ENCSR658RQQ
ENCSR996BJT
ENCSR786DCL
ENCSR833CMG
ENCSR338WUS
ENCSR380UPB
ENCSR773VKE
ENCSR557BMX
ENCSR312TUD
ENCSR620DOP
ENCSR243VNX
ENCSR084NTT
ENCSR381TNV
ENCSR545HTM
ENCSR103URL
ENCSR359VJC
ENCSR123IMQ
ENCSR942XXL
ENCSR608ORR
ENCSR024HAR
ENCSR750CPN
ENCSR930WUY
ENCSR862UHT
ENCSR128RMY
ENCSR669QED
ENCSR731XIE
ENCSR301SWM
ENCSR314HAC
ENCSR481JIW
ENCSR146FPM
ENCSR104QKG
ENCSR808HQN
ENCSR069OUL
ENCSR096VPS
ENCSR761AQZ
ENCSR095PIC
ENCSR011GAO
ENCSR104JMN
ENCSR733ROU
ENCSR128RPG
ENCSR905SEH
ENCSR734VBC
ENCSR376CFR
ENCSR357LVC
ENCSR757JTX
ENCSR235ZEI
ENCSR552HTC
ENCSR287SHU
ENCSR166VVF
ENCSR478BMT
ENCSR224CTR
ENCSR625HZA
ENCSR110JOO
ENCSR344YUA
ENCSR672RHL
ENCSR701TVL
ENCSR108ESU
ENCSR853BXB
ENCSR800PWS
ENCSR911BML
ENCSR882FJT
ENCSR766GKN
ENCSR011HZJ
ENCSR267SNS
ENCSR619EYC
ENCSR650QAK
ENCSR043UMW
ENCSR000FDC
ENCSR731FEO
ENCSR409OFU
ENCSR073QLQ
ENCSR819PCU
ENCSR294ZCD
ENCSR900AQL
ENCSR369BHC
ENCSR160YSN
ENCSR171RTN
ENCSR267BHU
ENCSR385ZTW
ENCSR850LOZ
ENCSR052ZPX
ENCSR200UDS
ENCSR752OCM
ENCSR074FBG
ENCSR550FIL
ENCSR898UNK
ENCSR779PPR
ENCSR783OQM
ENCSR142YZV
ENCSR839GNN
ENCSR517MZU
ENCSR305VIT
ENCSR307KDA
ENCSR000FDD
ENCSR005AHI
ENCSR244ZVP
ENCSR748LQF
ENCSR806NNG
ENCSR919UCY
ENCSR986CDX
ENCSR740VAI
ENCSR041XML
ENCSR619OUC
ENCSR632TJQ
ENCSR157CEN
ENCSR754MUD
ENCSR900XDB
ENCSR175BVD
ENCSR032SLG
ENCSR071NFQ
ENCSR856OVE
ENCSR633XNG
ENCSR898XMH
ENCSR404JRP
ENCSR304AMN
ENCSR552PSV
ENCSR467YGK
ENCSR792IYC
ENCSR595FAO
ENCSR115BBC
ENCSR100FGR
ENCSR883DDV
ENCSR437GBJ
ENCSR371LLY
ENCSR386YIH
ENCSR101FJS
ENCSR953DVM
ENCSR399MAN
ENCSR006GAQ
ENCSR240SYZ
ENCSR370NFS
ENCSR443MVV
ENCSR936XMR
ENCSR764YDL
ENCSR325RLL
ENCSR542FLV
ENCSR498VPN
ENCSR793HVL
ENCSR875PEI
ENCSR382XLA
ENCSR174GOO
ENCSR308RWM
ENCSR154EIH
ENCSR497VFH
ENCSR856JJB
ENCSR439WAF
ENCSR142YYA
ENCSR076STQ
ENCSR344SBD
ENCSR711SNW
ENCSR936JHB
ENCSR436QMA
ENCSR621IYT
ENCSR978LQC
ENCSR400WEK
ENCSR184MFH
ENCSR594SMP
ENCSR119ULQ
ENCSR680OFU
ENCSR352QSB
ENCSR315NNL
ENCSR241LIH
ENCSR100UQX
ENCSR987PNT
ENCSR645JVW
ENCSR394DWD
ENCSR785UCD
ENCSR776MDR
ENCSR046PIC
ENCSR177XCS
ENCSR974OFJ
ENCSR713IFY
ENCSR411EGZ
ENCSR038DJJ
ENCSR910NJG
ENCSR283ZNI
ENCSR402JAC
ENCSR851XLW
ENCSR279KDC
ENCSR298QUH
ENCSR457JBY
ENCSR038XIA
ENCSR731LHZ
ENCSR168DXB
ENCSR412ZDC
ENCSR159DQO
ENCSR254YRM
ENCSR519WMW
ENCSR153AGA
ENCSR844PVS
ENCSR736BUG
ENCSR011CIR
ENCSR758SCJ
ENCSR791AGT
ENCSR803EKW
ENCSR859RAO
ENCSR996ESX
ENCSR426URK
ENCSR387JKT
ENCSR191TLD
ENCSR517ZYR
ENCSR856HWY
ENCSR206ETG
ENCSR475KZM
ENCSR768VNZ
ENCSR070HWF
ENCSR068VRA
ENCSR138SFL
ENCSR893WSB
ENCSR754SOI
ENCSR614FBE
ENCSR283DOU
ENCSR217KAL
ENCSR442ZTI
ENCSR656SIB
ENCSR703OGS
ENCSR089MPD
ENCSR290ZOS
ENCSR185QFX
ENCSR274SLQ
ENCSR961PPA
ENCSR791AYW
ENCSR199UFW
ENCSR033NQK
ENCSR096IIB
ENCSR325DER
ENCSR699YFX
ENCSR797SWM
ENCSR635OSG
ENCSR916JAC
ENCSR658WFQ
ENCSR555DCF
ENCSR006WUS
ENCSR993DED
ENCSR384HXX
ENCSR384OZQ
ENCSR972HZL
ENCSR423RTK
ENCSR237CQV
ENCSR439OCL
ENCSR752NDX
ENCSR621ATC
ENCSR028UIU
ENCSR030TJP
ENCSR633OEO
ENCSR780ESQ
ENCSR145TSJ
ENCSR776CYN
ENCSR934NHU
ENCSR841YWU
ENCSR313ISY
ENCSR403USE
ENCSR571BUF
ENCSR590KEQ
ENCSR861XGM
ENCSR373YFT
ENCSR503DPC
ENCSR635EXI
ENCSR555PBN
ENCSR669NFS
ENCSR219BXP
ENCSR934JDG
ENCSR949NVY
ENCSR665UFC
ENCSR361LSG
ENCSR163RYW
ENCSR369YUK
ENCSR698PJQ
ENCSR915YUA
ENCSR467CRM
ENCSR596FEL
ENCSR681WHQ
ENCSR576THU
ENCSR242BGR
ENCSR061DGF
ENCSR024LKA
ENCSR668BTN
ENCSR404BPV
ENCSR515LRI
ENCSR928KOR
ENCSR512MNA
ENCSR903SJC
ENCSR920FID
ENCSR481ZPB
ENCSR738SLS
ENCSR195QFV
ENCSR680YNB
ENCSR813DCK
ENCSR491PTJ
ENCSR810YKX
ENCSR510ZTI
ENCSR175FLL
ENCSR097EEA
ENCSR175EOM
ENCSR535KIQ
ENCSR011LTA
ENCSR211SZD
ENCSR362VCG
ENCSR067HGI
ENCSR464CSO
ENCSR294JWV
ENCSR588MQZ
ENCSR928API
ENCSR075FNZ
ENCSR098XMN
ENCSR558OMR
ENCSR295GRB
ENCSR596IKD
ENCSR431XGJ
ENCSR212YKD
ENCSR221IDN
ENCSR452NHL
ENCSR608CVU
ENCSR299VMZ
ENCSR980MHP
ENCSR852EAX
ENCSR028FBD
ENCSR029IXY
ENCSR130SRF
ENCSR479MTN
ENCSR190RZZ
ENCSR156JXJ
ENCSR255XYX
ENCSR587DSF
ENCSR074DIJ
ENCSR076OHG
ENCSR174FUO
ENCSR341RCF
ENCSR732QOH
ENCSR668FTZ
ENCSR113OIR
ENCSR999CXD
ENCSR591QYK
ENCSR018VOS
ENCSR095PIC
ENCSR761AQZ
ENCSR042LOG
ENCSR399QAP
ENCSR039VEQ
ENCSR287SHU
ENCSR550RTN
ENCSR126GEQ
ENCSR715EDZ
ENCSR223QTD
ENCSR741FVM
ENCSR668RDP
ENCSR781XJD
ENCSR601MHU
ENCSR658MZU
ENCSR181WYS
ENCSR247RGI
ENCSR515MHO
ENCSR783OQM
ENCSR142YZV
ENCSR268DNJ
ENCSR598OBF
ENCSR046FQX
ENCSR713AEC
ENCSR016WFQ
ENCSR389OCD
ENCSR184VVN
ENCSR052BWT
ENCSR263IOO
ENCSR195ZCD
ENCSR882IYK
ENCSR660RNO
ENCSR485OYR
ENCSR873PPH
ENCSR939FGB
ENCSR120MPG
ENCSR883DDV
ENCSR580ECR
ENCSR361UQO
ENCSR603CJM
ENCSR373YFT
ENCSR467YGK
ENCSR949BZP
ENCSR100FGR
ENCSR893MYW
ENCSR000FDA
ENCSR688NWK
ENCSR956WYO
ENCSR782QKO
ENCSR239QGH
ENCSR240SYZ
ENCSR337NQP
ENCSR720HUL
ENCSR398JTO
ENCSR399VVK
ENCSR192AFN
ENCSR843ZUP
ENCSR537CWQ
ENCSR308RWM
ENCSR019XRC
ENCSR389PWB
ENCSR146NLL
ENCSR350PUV
ENCSR342AGU
ENCSR628APV
ENCSR936XMR
ENCSR594UCI
ENCSR951JUP
ENCSR736BTL
ENCSR499QIO
ENCSR157LMX
ENCSR613TDP
ENCSR020UPN
ENCSR110ZVM
ENCSR655HDE
ENCSR849OTN
ENCSR554FDZ
ENCSR634PYN
ENCSR000FCA
ENCSR912ATU
ENCSR443AIH
ENCSR742TMU
ENCSR679WSJ
ENCSR830SSM
ENCSR614FBE
ENCSR035ELI
ENCSR032SLG
ENCSR457JBY
ENCSR447FVP
ENCSR007GGB
ENCSR316OQD
ENCSR364SNE
ENCSR007GUS
ENCSR051VGO
ENCSR468NLK
ENCSR871XML
ENCSR217LRF
ENCSR089MPD
ENCSR049NDP
ENCSR177VFS
ENCSR523KUQ
ENCSR475KZM
ENCSR210HBN
ENCSR703OGS
ENCSR429LAP
ENCSR311DYU
ENCSR419ODQ
ENCSR123TVS
ENCSR394DWD
ENCSR398UVH
ENCSR481ZPB
ENCSR274OGE
ENCSR621IYT
ENCSR170DNV
ENCSR328FQB
ENCSR915YUA
ENCSR354FNX
ENCSR467CRM
ENCSR512MNA
ENCSR260MAS
ENCSR810YKX
ENCSR189VXS
ENCSR228QDA
ENCSR404VWY
ENCSR607EOD
ENCSR236FPN
ENCSR474CVP
ENCSR689CZH
ENCSR384HXX
ENCSR361LSG
ENCSR972HZL
ENCSR349TZO
ENCSR931XLP
ENCSR576THU
ENCSR085IXF
ENCSR946ZLI
ENCSR574XEO
ENCSR499OOH
ENCSR759EUL
ENCSR628ONI
ENCSR138PGW
ENCSR851FFP
ENCSR237CQV
ENCSR011LTA
ENCSR221IDN
ENCSR632PAG
ENCSR515JGE
ENCSR762NXP
ENCSR840JVQ
ENCSR541WQI
ENCSR278MZO
ENCSR917MAH
ENCSR335XPG
ENCSR718SDE
ENCSR235OVI
ENCSR658AGP
ENCSR770GTP
ENCSR769JUI
ENCSR211EXK
ENCSR173USI
ENCSR080EOT
ENCSR194BBY
ENCSR781DPA
ENCSR950CUQ
ENCSR051OUX
ENCSR610YRT
ENCSR138YYY
ENCSR959UQA
ENCSR544APK
ENCSR121CWV
ENCSR871KYB
ENCSR112ALD
ENCSR664AOA
ENCSR496AXR
ENCSR860UAT
ENCSR340BXT
ENCSR897ZXU
ENCSR066GBX
ENCSR125ULS
ENCSR822CEA
ENCSR986QAR
ENCSR442CIF
ENCSR418KUS
ENCSR396SKI
ENCSR494UQJ
ENCSR543KOA
ENCSR851BNE
ENCSR905UJI
ENCSR062QVQ
ENCSR792MZV
ENCSR604UJV
ENCSR146BGM
ENCSR553NUG
